<?xml version="1.0" encoding="UTF-8"?>
<testng-results skipped="2" failed="0" ignored="0" total="3" passed="1">
  <reporter-output>
    <line>
      <![CDATA[<div "result">the runmode is Y (PASSED : 0s)</div>]]>
    </line>
    <line>
      <![CDATA[<div "result">open browser chrome (FAILED : 12s)</div>]]>
    </line>
    <line>
      <![CDATA[<div "result">navigate to url (SKIPPED)</div>]]>
    </line>
    <line>
      <![CDATA[<div "result">title should be home_page_title (SKIPPED)</div>]]>
    </line>
    <line>
      <![CDATA[<div "result">I click on login_link_xpath (SKIPPED)</div>]]>
    </line>
    <line>
      <![CDATA[<div "result">I type username_field_id as se.leniumtraining10@gmail.com (SKIPPED)</div>]]>
    </line>
    <line>
      <![CDATA[<div "result">I click on login_button_css (SKIPPED)</div>]]>
    </line>
    <line>
      <![CDATA[<div "result">element password_field_id should be present (SKIPPED)</div>]]>
    </line>
    <line>
      <![CDATA[<div "result">I type password_field_id as Whizdom@2020 (SKIPPED)</div>]]>
    </line>
    <line>
      <![CDATA[<div "result">I click on login_button_css (SKIPPED)</div>]]>
    </line>
    <line>
      <![CDATA[<div "result">I click on crm_xpath (SKIPPED)</div>]]>
    </line>
    <line>
      <![CDATA[<div "result">I click on leads_xpath (SKIPPED)</div>]]>
    </line>
    <line>
      <![CDATA[<div "result">I click on create_lead_id (SKIPPED)</div>]]>
    </line>
    <line>
      <![CDATA[<div "result">I click on submenu_leads_xpath (SKIPPED)</div>]]>
    </line>
    <line>
      <![CDATA[<div "result">I type company_id as Microsoft (SKIPPED)</div>]]>
    </line>
    <line>
      <![CDATA[<div "result">I type lead_lastname_id as Gates (SKIPPED)</div>]]>
    </line>
    <line>
      <![CDATA[<div "result">I click on lead_save_id (SKIPPED)</div>]]>
    </line>
    <line>
      <![CDATA[<div "result">I click on back_icon_xpath (SKIPPED)</div>]]>
    </line>
    <line>
      <![CDATA[<div "result">lead with name Gates should be generated (SKIPPED)</div>]]>
    </line>
    <line>
      <![CDATA[<div "result">the runmode is Y (PASSED : 0s)</div>]]>
    </line>
    <line>
      <![CDATA[<div "result">open browser chrome (PASSED : 9s)</div>]]>
    </line>
    <line>
      <![CDATA[<div "result">navigate to url (PASSED : 2s)</div>]]>
    </line>
    <line>
      <![CDATA[<div "result">title should be home_page_title (PASSED : 0s)</div>]]>
    </line>
    <line>
      <![CDATA[<div "result">I click on login_link_xpath (PASSED : 1s)</div>]]>
    </line>
    <line>
      <![CDATA[<div "result">I type username_field_id as se.leniumtraining10@gmail.com (PASSED : 1s)</div>]]>
    </line>
    <line>
      <![CDATA[<div "result">I click on login_button_css (PASSED : 1s)</div>]]>
    </line>
    <line>
      <![CDATA[<div "result">element password_field_id should be present (PASSED : 1s)</div>]]>
    </line>
    <line>
      <![CDATA[<div "result">I type password_field_id as Whizdom@2020 (PASSED : 0s)</div>]]>
    </line>
    <line>
      <![CDATA[<div "result">I click on login_button_css (PASSED : 0s)</div>]]>
    </line>
    <line>
      <![CDATA[<div "result">login should be success (PASSED : 0s)</div>]]>
    </line>
    <line>
      <![CDATA[<div "result">the runmode is N (SKIPPED : 0s)</div>]]>
    </line>
    <line>
      <![CDATA[<div "result">open browser mozilla (SKIPPED)</div>]]>
    </line>
    <line>
      <![CDATA[<div "result">navigate to url (SKIPPED)</div>]]>
    </line>
    <line>
      <![CDATA[<div "result">title should be home_page_title (SKIPPED)</div>]]>
    </line>
    <line>
      <![CDATA[<div "result">I click on login_link_xpath (SKIPPED)</div>]]>
    </line>
    <line>
      <![CDATA[<div "result">I type username_field_id as se.len.iumtraining10@gmail.com (SKIPPED)</div>]]>
    </line>
    <line>
      <![CDATA[<div "result">I click on login_button_css (SKIPPED)</div>]]>
    </line>
    <line>
      <![CDATA[<div "result">element password_field_id should be present (SKIPPED)</div>]]>
    </line>
    <line>
      <![CDATA[<div "result">I type password_field_id as Whizdom@2020 (SKIPPED)</div>]]>
    </line>
    <line>
      <![CDATA[<div "result">I click on login_button_css (SKIPPED)</div>]]>
    </line>
    <line>
      <![CDATA[<div "result">login should be failure (SKIPPED)</div>]]>
    </line>
  </reporter-output>
  <suite name="com.zoho.runner.CucumberProjectTestngRunnerTest" duration-ms="31615" started-at="2020-05-11T01:43:04Z" finished-at="2020-05-11T01:43:35Z">
    <groups>
      <group name="cucumber">
        <method signature="AbstractTestNGCucumberTests.runScenario(cucumber.api.testng.PickleEventWrapper, cucumber.api.testng.CucumberFeatureWrapper)[pri:0, instance:com.zoho.runner.CucumberProjectTestngRunnerTest@6df97b55]" name="runScenario" class="cucumber.api.testng.AbstractTestNGCucumberTests"/>
      </group> <!-- cucumber -->
    </groups>
    <test name="Command line test" duration-ms="31615" started-at="2020-05-11T01:43:04Z" finished-at="2020-05-11T01:43:35Z">
      <class name="com.zoho.runner.CucumberProjectTestngRunnerTest">
        <test-method status="PASS" signature="setUpClass()[pri:0, instance:com.zoho.runner.CucumberProjectTestngRunnerTest@6df97b55]" name="setUpClass" is-config="true" duration-ms="202" started-at="2020-05-11T01:43:04Z" finished-at="2020-05-11T01:43:04Z">
          <reporter-output>
          </reporter-output>
        </test-method> <!-- setUpClass -->
        <test-method status="SKIP" signature="runScenario(cucumber.api.testng.PickleEventWrapper, cucumber.api.testng.CucumberFeatureWrapper)[pri:0, instance:com.zoho.runner.CucumberProjectTestngRunnerTest@6df97b55]" name="runScenario" duration-ms="13285" started-at="2020-05-11T01:43:04Z" description="Runs Cucumber Scenarios" data-provider="scenarios" finished-at="2020-05-11T01:43:17Z">
          <params>
            <param index="0">
              <value>
                <![CDATA["Creation of Lead"]]>
              </value>
            </param>
            <param index="1">
              <value>
                <![CDATA["Create and Delete Leads"]]>
              </value>
            </param>
          </params>
          <exception class="org.openqa.selenium.WebDriverException">
            <message>
              <![CDATA[java.net.ConnectException: Failed to connect to localhost/0:0:0:0:0:0:0:1:26038
Build info: version: '3.141.59', revision: 'e82be7d358', time: '2018-11-14T08:17:03'
System info: host: 'DESKTOP-V123S32', ip: '192.168.42.205', os.name: 'Windows 10', os.arch: 'amd64', os.version: '10.0', java.version: '1.8.0_241'
Driver info: driver.version: RemoteWebDriver]]>
            </message>
            <full-stacktrace>
              <![CDATA[org.openqa.selenium.WebDriverException: java.net.ConnectException: Failed to connect to localhost/0:0:0:0:0:0:0:1:26038
Build info: version: '3.141.59', revision: 'e82be7d358', time: '2018-11-14T08:17:03'
System info: host: 'DESKTOP-V123S32', ip: '192.168.42.205', os.name: 'Windows 10', os.arch: 'amd64', os.version: '10.0', java.version: '1.8.0_241'
Driver info: driver.version: RemoteWebDriver
at org.openqa.selenium.remote.service.DriverCommandExecutor.execute(DriverCommandExecutor.java:92)
at org.openqa.selenium.remote.RemoteWebDriver.execute(RemoteWebDriver.java:552)
at org.openqa.selenium.remote.RemoteWebDriver.execute(RemoteWebDriver.java:609)
at org.openqa.selenium.remote.RemoteWebDriver$RemoteWebDriverOptions$RemoteWindow.maximize(RemoteWebDriver.java:837)
at com.zoho.web.GenericConnector.openBrowser(GenericConnector.java:28)
at com.zoho.steps.GenericSteps.openBrowser(GenericSteps.java:53)
at ✽.open browser chrome(src/test/resources/com/zoho/features/lead.feature:7)
Caused by: java.net.ConnectException: Failed to connect to localhost/0:0:0:0:0:0:0:1:26038
at okhttp3.internal.connection.RealConnection.connectSocket(RealConnection.java:247)
at okhttp3.internal.connection.RealConnection.connect(RealConnection.java:165)
at okhttp3.internal.connection.StreamAllocation.findConnection(StreamAllocation.java:257)
at okhttp3.internal.connection.StreamAllocation.findHealthyConnection(StreamAllocation.java:135)
at okhttp3.internal.connection.StreamAllocation.newStream(StreamAllocation.java:114)
at okhttp3.internal.connection.ConnectInterceptor.intercept(ConnectInterceptor.java:42)
at okhttp3.internal.http.RealInterceptorChain.proceed(RealInterceptorChain.java:147)
at okhttp3.internal.http.RealInterceptorChain.proceed(RealInterceptorChain.java:121)
at okhttp3.internal.cache.CacheInterceptor.intercept(CacheInterceptor.java:93)
at okhttp3.internal.http.RealInterceptorChain.proceed(RealInterceptorChain.java:147)
at okhttp3.internal.http.RealInterceptorChain.proceed(RealInterceptorChain.java:121)
at okhttp3.internal.http.BridgeInterceptor.intercept(BridgeInterceptor.java:93)
at okhttp3.internal.http.RealInterceptorChain.proceed(RealInterceptorChain.java:147)
at okhttp3.internal.http.RetryAndFollowUpInterceptor.intercept(RetryAndFollowUpInterceptor.java:126)
at okhttp3.internal.http.RealInterceptorChain.proceed(RealInterceptorChain.java:147)
at okhttp3.internal.http.RealInterceptorChain.proceed(RealInterceptorChain.java:121)
at okhttp3.RealCall.getResponseWithInterceptorChain(RealCall.java:200)
at okhttp3.RealCall.execute(RealCall.java:77)
at org.openqa.selenium.remote.internal.OkHttpClient.execute(OkHttpClient.java:103)
at org.openqa.selenium.remote.HttpCommandExecutor.execute(HttpCommandExecutor.java:155)
at org.openqa.selenium.remote.service.DriverCommandExecutor.execute(DriverCommandExecutor.java:83)
at org.openqa.selenium.remote.RemoteWebDriver.execute(RemoteWebDriver.java:552)
at org.openqa.selenium.remote.RemoteWebDriver.execute(RemoteWebDriver.java:609)
at org.openqa.selenium.remote.RemoteWebDriver$RemoteWebDriverOptions$RemoteWindow.maximize(RemoteWebDriver.java:837)
at com.zoho.web.GenericConnector.openBrowser(GenericConnector.java:28)
at com.zoho.steps.GenericSteps.openBrowser(GenericSteps.java:53)
at sun.reflect.NativeMethodAccessorImpl.invoke0(Native Method)
at sun.reflect.NativeMethodAccessorImpl.invoke(NativeMethodAccessorImpl.java:62)
at sun.reflect.DelegatingMethodAccessorImpl.invoke(DelegatingMethodAccessorImpl.java:43)
at java.lang.reflect.Method.invoke(Method.java:498)
at cucumber.runtime.Utils$1.call(Utils.java:26)
at cucumber.runtime.Timeout.timeout(Timeout.java:16)
at cucumber.runtime.Utils.invoke(Utils.java:20)
at cucumber.runtime.java.JavaStepDefinition.execute(JavaStepDefinition.java:48)
at cucumber.runtime.PickleStepDefinitionMatch.runStep(PickleStepDefinitionMatch.java:50)
at cucumber.runner.TestStep.executeStep(TestStep.java:55)
at cucumber.runner.TestStep.run(TestStep.java:42)
at cucumber.runner.PickleStepTestStep.run(PickleStepTestStep.java:53)
at cucumber.runner.TestCase.run(TestCase.java:47)
at cucumber.runner.Runner.runPickle(Runner.java:44)
at cucumber.api.testng.TestNGCucumberRunner.runScenario(TestNGCucumberRunner.java:56)
at cucumber.api.testng.AbstractTestNGCucumberTests.runScenario(AbstractTestNGCucumberTests.java:22)
at sun.reflect.NativeMethodAccessorImpl.invoke0(Native Method)
at sun.reflect.NativeMethodAccessorImpl.invoke(NativeMethodAccessorImpl.java:62)
at sun.reflect.DelegatingMethodAccessorImpl.invoke(DelegatingMethodAccessorImpl.java:43)
at java.lang.reflect.Method.invoke(Method.java:498)
at org.testng.internal.MethodInvocationHelper.invokeMethod(MethodInvocationHelper.java:124)
at org.testng.internal.Invoker.invokeMethod(Invoker.java:583)
at org.testng.internal.Invoker.invokeTestMethod(Invoker.java:719)
at org.testng.internal.Invoker.invokeTestMethods(Invoker.java:989)
at org.testng.internal.TestMethodWorker.invokeTestMethods(TestMethodWorker.java:125)
at org.testng.internal.TestMethodWorker.run(TestMethodWorker.java:109)
at org.testng.TestRunner.privateRun(TestRunner.java:648)
at org.testng.TestRunner.run(TestRunner.java:505)
at org.testng.SuiteRunner.runTest(SuiteRunner.java:455)
at org.testng.SuiteRunner.runSequentially(SuiteRunner.java:450)
at org.testng.SuiteRunner.privateRun(SuiteRunner.java:415)
at org.testng.SuiteRunner.run(SuiteRunner.java:364)
at org.testng.SuiteRunnerWorker.runSuite(SuiteRunnerWorker.java:52)
at org.testng.SuiteRunnerWorker.run(SuiteRunnerWorker.java:84)
at org.testng.TestNG.runSuitesSequentially(TestNG.java:1208)
at org.testng.TestNG.runSuitesLocally(TestNG.java:1137)
at org.testng.TestNG.runSuites(TestNG.java:1049)
at org.testng.TestNG.run(TestNG.java:1017)
at org.apache.maven.surefire.testng.TestNGExecutor.run(TestNGExecutor.java:77)
at org.apache.maven.surefire.testng.TestNGDirectoryTestSuite.execute(TestNGDirectoryTestSuite.java:110)
at org.apache.maven.surefire.testng.TestNGProvider.invoke(TestNGProvider.java:106)
at sun.reflect.NativeMethodAccessorImpl.invoke0(Native Method)
at sun.reflect.NativeMethodAccessorImpl.invoke(NativeMethodAccessorImpl.java:62)
at sun.reflect.DelegatingMethodAccessorImpl.invoke(DelegatingMethodAccessorImpl.java:43)
at java.lang.reflect.Method.invoke(Method.java:498)
at org.apache.maven.surefire.util.ReflectionUtils.invokeMethodWithArray(ReflectionUtils.java:189)
at org.apache.maven.surefire.booter.ProviderFactory$ProviderProxy.invoke(ProviderFactory.java:165)
at org.apache.maven.surefire.booter.ProviderFactory.invokeProvider(ProviderFactory.java:85)
at org.apache.maven.surefire.booter.ForkedBooter.runSuitesInProcess(ForkedBooter.java:115)
at org.apache.maven.surefire.booter.ForkedBooter.main(ForkedBooter.java:75)
Caused by: java.net.ConnectException: Connection refused: connect
at java.net.DualStackPlainSocketImpl.waitForConnect(Native Method)
at java.net.DualStackPlainSocketImpl.socketConnect(DualStackPlainSocketImpl.java:85)
at java.net.AbstractPlainSocketImpl.doConnect(AbstractPlainSocketImpl.java:350)
at java.net.AbstractPlainSocketImpl.connectToAddress(AbstractPlainSocketImpl.java:206)
at java.net.AbstractPlainSocketImpl.connect(AbstractPlainSocketImpl.java:188)
at java.net.PlainSocketImpl.connect(PlainSocketImpl.java:172)
at java.net.SocksSocketImpl.connect(SocksSocketImpl.java:392)
at java.net.Socket.connect(Socket.java:606)
at okhttp3.internal.platform.Platform.connectSocket(Platform.java:129)
at okhttp3.internal.connection.RealConnection.connectSocket(RealConnection.java:245)
... 75 more
]]>
            </full-stacktrace>
          </exception> <!-- org.openqa.selenium.WebDriverException -->
          <reporter-output>
            <line>
              <![CDATA[<div "result">the runmode is Y (PASSED : 0s)</div>]]>
            </line>
            <line>
              <![CDATA[<div "result">open browser chrome (FAILED : 12s)</div>]]>
            </line>
            <line>
              <![CDATA[<div "result">navigate to url (SKIPPED)</div>]]>
            </line>
            <line>
              <![CDATA[<div "result">title should be home_page_title (SKIPPED)</div>]]>
            </line>
            <line>
              <![CDATA[<div "result">I click on login_link_xpath (SKIPPED)</div>]]>
            </line>
            <line>
              <![CDATA[<div "result">I type username_field_id as se.leniumtraining10@gmail.com (SKIPPED)</div>]]>
            </line>
            <line>
              <![CDATA[<div "result">I click on login_button_css (SKIPPED)</div>]]>
            </line>
            <line>
              <![CDATA[<div "result">element password_field_id should be present (SKIPPED)</div>]]>
            </line>
            <line>
              <![CDATA[<div "result">I type password_field_id as Whizdom@2020 (SKIPPED)</div>]]>
            </line>
            <line>
              <![CDATA[<div "result">I click on login_button_css (SKIPPED)</div>]]>
            </line>
            <line>
              <![CDATA[<div "result">I click on crm_xpath (SKIPPED)</div>]]>
            </line>
            <line>
              <![CDATA[<div "result">I click on leads_xpath (SKIPPED)</div>]]>
            </line>
            <line>
              <![CDATA[<div "result">I click on create_lead_id (SKIPPED)</div>]]>
            </line>
            <line>
              <![CDATA[<div "result">I click on submenu_leads_xpath (SKIPPED)</div>]]>
            </line>
            <line>
              <![CDATA[<div "result">I type company_id as Microsoft (SKIPPED)</div>]]>
            </line>
            <line>
              <![CDATA[<div "result">I type lead_lastname_id as Gates (SKIPPED)</div>]]>
            </line>
            <line>
              <![CDATA[<div "result">I click on lead_save_id (SKIPPED)</div>]]>
            </line>
            <line>
              <![CDATA[<div "result">I click on back_icon_xpath (SKIPPED)</div>]]>
            </line>
            <line>
              <![CDATA[<div "result">lead with name Gates should be generated (SKIPPED)</div>]]>
            </line>
          </reporter-output>
        </test-method> <!-- runScenario -->
        <test-method status="PASS" signature="runScenario(cucumber.api.testng.PickleEventWrapper, cucumber.api.testng.CucumberFeatureWrapper)[pri:0, instance:com.zoho.runner.CucumberProjectTestngRunnerTest@6df97b55]" name="runScenario" duration-ms="17944" started-at="2020-05-11T01:43:17Z" description="Runs Cucumber Scenarios" data-provider="scenarios" finished-at="2020-05-11T01:43:35Z">
          <params>
            <param index="0">
              <value>
                <![CDATA["Login to Zoho"]]>
              </value>
            </param>
            <param index="1">
              <value>
                <![CDATA["Login to Zoho"]]>
              </value>
            </param>
          </params>
          <reporter-output>
            <line>
              <![CDATA[<div "result">the runmode is Y (PASSED : 0s)</div>]]>
            </line>
            <line>
              <![CDATA[<div "result">open browser chrome (PASSED : 9s)</div>]]>
            </line>
            <line>
              <![CDATA[<div "result">navigate to url (PASSED : 2s)</div>]]>
            </line>
            <line>
              <![CDATA[<div "result">title should be home_page_title (PASSED : 0s)</div>]]>
            </line>
            <line>
              <![CDATA[<div "result">I click on login_link_xpath (PASSED : 1s)</div>]]>
            </line>
            <line>
              <![CDATA[<div "result">I type username_field_id as se.leniumtraining10@gmail.com (PASSED : 1s)</div>]]>
            </line>
            <line>
              <![CDATA[<div "result">I click on login_button_css (PASSED : 1s)</div>]]>
            </line>
            <line>
              <![CDATA[<div "result">element password_field_id should be present (PASSED : 1s)</div>]]>
            </line>
            <line>
              <![CDATA[<div "result">I type password_field_id as Whizdom@2020 (PASSED : 0s)</div>]]>
            </line>
            <line>
              <![CDATA[<div "result">I click on login_button_css (PASSED : 0s)</div>]]>
            </line>
            <line>
              <![CDATA[<div "result">login should be success (PASSED : 0s)</div>]]>
            </line>
          </reporter-output>
        </test-method> <!-- runScenario -->
        <test-method status="SKIP" signature="runScenario(cucumber.api.testng.PickleEventWrapper, cucumber.api.testng.CucumberFeatureWrapper)[pri:0, instance:com.zoho.runner.CucumberProjectTestngRunnerTest@6df97b55]" name="runScenario" duration-ms="13" started-at="2020-05-11T01:43:35Z" description="Runs Cucumber Scenarios" data-provider="scenarios" finished-at="2020-05-11T01:43:35Z">
          <params>
            <param index="0">
              <value>
                <![CDATA["Login to Zoho"]]>
              </value>
            </param>
            <param index="1">
              <value>
                <![CDATA["Login to Zoho"]]>
              </value>
            </param>
          </params>
          <exception class="org.testng.SkipException">
            <message>
              <![CDATA[Runmode is N]]>
            </message>
            <full-stacktrace>
              <![CDATA[org.testng.SkipException: Runmode is N
at com.zoho.web.UtilityConnector.skipScenario(UtilityConnector.java:111)
at com.zoho.steps.GenericSteps.checkRunmode(GenericSteps.java:46)
at ✽.the runmode is N(src/test/resources/com/zoho/features/login.feature:7)
]]>
            </full-stacktrace>
          </exception> <!-- org.testng.SkipException -->
          <reporter-output>
            <line>
              <![CDATA[<div "result">the runmode is N (SKIPPED : 0s)</div>]]>
            </line>
            <line>
              <![CDATA[<div "result">open browser mozilla (SKIPPED)</div>]]>
            </line>
            <line>
              <![CDATA[<div "result">navigate to url (SKIPPED)</div>]]>
            </line>
            <line>
              <![CDATA[<div "result">title should be home_page_title (SKIPPED)</div>]]>
            </line>
            <line>
              <![CDATA[<div "result">I click on login_link_xpath (SKIPPED)</div>]]>
            </line>
            <line>
              <![CDATA[<div "result">I type username_field_id as se.len.iumtraining10@gmail.com (SKIPPED)</div>]]>
            </line>
            <line>
              <![CDATA[<div "result">I click on login_button_css (SKIPPED)</div>]]>
            </line>
            <line>
              <![CDATA[<div "result">element password_field_id should be present (SKIPPED)</div>]]>
            </line>
            <line>
              <![CDATA[<div "result">I type password_field_id as Whizdom@2020 (SKIPPED)</div>]]>
            </line>
            <line>
              <![CDATA[<div "result">I click on login_button_css (SKIPPED)</div>]]>
            </line>
            <line>
              <![CDATA[<div "result">login should be failure (SKIPPED)</div>]]>
            </line>
          </reporter-output>
        </test-method> <!-- runScenario -->
        <test-method status="PASS" signature="tearDownClass()[pri:0, instance:com.zoho.runner.CucumberProjectTestngRunnerTest@6df97b55]" name="tearDownClass" is-config="true" duration-ms="36" started-at="2020-05-11T01:43:35Z" finished-at="2020-05-11T01:43:35Z">
          <reporter-output>
          </reporter-output>
        </test-method> <!-- tearDownClass -->
      </class> <!-- com.zoho.runner.CucumberProjectTestngRunnerTest -->
    </test> <!-- Command line test -->
  </suite> <!-- com.zoho.runner.CucumberProjectTestngRunnerTest -->
</testng-results>
